<?xml version="1.0" encoding="UTF-8"?>
<TestRun id="28a94d06-baf9-4a41-aa2b-ae10d40a2571" name="Administrador@DESKTOP-G0VDEC5 2018-01-22 10:08:55" runUser="DESKTOP-G0VDEC5\Administrador" xmlns="http://microsoft.com/schemas/VisualStudio/TeamTest/2010">
  <TestSettings name="Local" id="18d10949-0657-4b69-a955-6254de73e8d7">
    <Description>These are default test settings for a local test run.</Description>
    <Deployment enabled="false" runDeploymentRoot="Administrador_DESKTOP-G0VDEC5 2018-01-22 10_08_55">
      <DeploymentItem filename="C:\Users\Administrador.000\Documents\GitHub\alquilerbicicletas\bin\Debug\fmrent.exe" />
    </Deployment>
    <Execution>
      <TestTypeSpecific />
      <AgentRule name="Execution Agents">
      </AgentRule>
    </Execution>
  </TestSettings>
  <Times creation="2018-01-22T10:08:55.2018823-05:00" queuing="2018-01-22T10:08:55.2183983-05:00" start="2018-01-22T10:08:55.2314147-05:00" finish="2018-01-22T10:08:55.6248103-05:00" />
  <ResultSummary outcome="Completed">
    <Counters total="1" executed="1" passed="1" error="0" failed="0" timeout="0" aborted="0" inconclusive="0" passedButRunAborted="0" notRunnable="0" notExecuted="0" disconnected="0" warning="0" completed="0" inProgress="0" pending="0" />
  </ResultSummary>
  <TestDefinitions>
    <UnitTest name="calcularPrecio_rentafamiliarTest" storage="c:\users\administrador.000\documents\github\alquilerbicicletas\testrentbike\bin\debug\testrentbike.dll" id="ea7c6487-9c8e-5334-ae37-79bde6930083">
      <Execution id="1012e616-f850-4682-84e6-035b9e7c1078" />
      <TestMethod codeBase="C:/Users/Administrador.000/Documents/GitHub/alquilerbicicletas/TestRentBike/bin/Debug/TestRentBike.DLL" adapterTypeName="Microsoft.VisualStudio.TestTools.TestTypes.Unit.UnitTestAdapter, Microsoft.VisualStudio.QualityTools.Tips.UnitTest.Adapter, Version=10.0.0.0, Culture=neutral, PublicKeyToken=b03f5f7f11d50a3a" className="TestRentBike.AlquilerTest, TestRentBike, Version=1.0.0.0, Culture=neutral, PublicKeyToken=null" name="calcularPrecio_rentafamiliarTest" />
    </UnitTest>
  </TestDefinitions>
  <TestLists>
    <TestList name="Results Not in a List" id="8c84fa94-04c1-424b-9868-57a2d4851a1d" />
    <TestList name="All Loaded Results" id="19431567-8539-422a-85d7-44ee4e166bda" />
  </TestLists>
  <TestEntries>
    <TestEntry testId="ea7c6487-9c8e-5334-ae37-79bde6930083" executionId="1012e616-f850-4682-84e6-035b9e7c1078" testListId="8c84fa94-04c1-424b-9868-57a2d4851a1d" />
  </TestEntries>
  <Results>
    <UnitTestResult executionId="1012e616-f850-4682-84e6-035b9e7c1078" testId="ea7c6487-9c8e-5334-ae37-79bde6930083" testName="calcularPrecio_rentafamiliarTest" computerName="DESKTOP-G0VDEC5" duration="00:00:00.0229399" startTime="2018-01-22T10:08:55.2614418-05:00" endTime="2018-01-22T10:08:55.6037790-05:00" testType="13cdc9d9-ddb5-4fa4-a97d-d965ccfc6d4b" outcome="Passed" testListId="8c84fa94-04c1-424b-9868-57a2d4851a1d" relativeResultsDirectory="1012e616-f850-4682-84e6-035b9e7c1078">
    </UnitTestResult>
  </Results>
</TestRun>