<?xml version="1.0" encoding="UTF-8"?>
<TestRun id="9fdf3714-1e5b-46c9-916c-250fddd27c8a" name="Administrador@DESKTOP-G0VDEC5 2018-01-22 09:38:53" runUser="DESKTOP-G0VDEC5\Administrador" xmlns="http://microsoft.com/schemas/VisualStudio/TeamTest/2010">
  <TestSettings name="Local" id="18d10949-0657-4b69-a955-6254de73e8d7">
    <Description>These are default test settings for a local test run.</Description>
    <Deployment enabled="false" runDeploymentRoot="Administrador_DESKTOP-G0VDEC5 2018-01-22 09_38_53">
      <DeploymentItem filename="C:\Users\Administrador.000\Documents\GitHub\alquilerbicicletas\bin\Debug\fmrent.exe" />
    </Deployment>
    <Execution>
      <TestTypeSpecific />
      <AgentRule name="Execution Agents">
      </AgentRule>
    </Execution>
  </TestSettings>
  <Times creation="2018-01-22T09:38:53.4341175-05:00" queuing="2018-01-22T09:38:53.4501324-05:00" start="2018-01-22T09:38:53.4566440-05:00" finish="2018-01-22T09:38:53.8134816-05:00" />
  <ResultSummary outcome="Completed">
    <Counters total="1" executed="1" passed="1" error="0" failed="0" timeout="0" aborted="0" inconclusive="0" passedButRunAborted="0" notRunnable="0" notExecuted="0" disconnected="0" warning="0" completed="0" inProgress="0" pending="0" />
  </ResultSummary>
  <TestDefinitions>
    <UnitTest name="calcularPrecioTest3" storage="c:\users\administrador.000\documents\github\alquilerbicicletas\testrentbike\bin\debug\testrentbike.dll" id="5f51903f-ada8-316c-338a-87ff1d00fe5e">
      <Execution id="10879675-d7f5-4949-a3c2-ddb1fe1a4324" />
      <TestMethod codeBase="C:/Users/Administrador.000/Documents/GitHub/alquilerbicicletas/TestRentBike/bin/Debug/TestRentBike.DLL" adapterTypeName="Microsoft.VisualStudio.TestTools.TestTypes.Unit.UnitTestAdapter, Microsoft.VisualStudio.QualityTools.Tips.UnitTest.Adapter, Version=10.0.0.0, Culture=neutral, PublicKeyToken=b03f5f7f11d50a3a" className="TestRentBike.AlquilerTest, TestRentBike, Version=1.0.0.0, Culture=neutral, PublicKeyToken=null" name="calcularPrecioTest3" />
    </UnitTest>
  </TestDefinitions>
  <TestLists>
    <TestList name="Results Not in a List" id="8c84fa94-04c1-424b-9868-57a2d4851a1d" />
    <TestList name="All Loaded Results" id="19431567-8539-422a-85d7-44ee4e166bda" />
  </TestLists>
  <TestEntries>
    <TestEntry testId="5f51903f-ada8-316c-338a-87ff1d00fe5e" executionId="10879675-d7f5-4949-a3c2-ddb1fe1a4324" testListId="8c84fa94-04c1-424b-9868-57a2d4851a1d" />
  </TestEntries>
  <Results>
    <UnitTestResult executionId="10879675-d7f5-4949-a3c2-ddb1fe1a4324" testId="5f51903f-ada8-316c-338a-87ff1d00fe5e" testName="calcularPrecioTest3" computerName="DESKTOP-G0VDEC5" duration="00:00:00.0210351" startTime="2018-01-22T09:38:53.4621490-05:00" endTime="2018-01-22T09:38:53.7919610-05:00" testType="13cdc9d9-ddb5-4fa4-a97d-d965ccfc6d4b" outcome="Passed" testListId="8c84fa94-04c1-424b-9868-57a2d4851a1d" relativeResultsDirectory="10879675-d7f5-4949-a3c2-ddb1fe1a4324">
    </UnitTestResult>
  </Results>
</TestRun>