<?xml version="1.0" encoding="UTF-8"?>
<TestRun id="531ab59c-8d8b-4854-8429-d7b331a95baf" name="Administrador@DESKTOP-G0VDEC5 2018-01-22 09:36:40" runUser="DESKTOP-G0VDEC5\Administrador" xmlns="http://microsoft.com/schemas/VisualStudio/TeamTest/2010">
  <TestSettings name="Local" id="18d10949-0657-4b69-a955-6254de73e8d7">
    <Description>These are default test settings for a local test run.</Description>
    <Deployment enabled="false" runDeploymentRoot="Administrador_DESKTOP-G0VDEC5 2018-01-22 09_36_40">
      <DeploymentItem filename="C:\Users\Administrador.000\Documents\GitHub\alquilerbicicletas\bin\Debug\fmrent.exe" />
    </Deployment>
    <Execution>
      <TestTypeSpecific />
      <AgentRule name="Execution Agents">
      </AgentRule>
    </Execution>
  </TestSettings>
  <Times creation="2018-01-22T09:36:40.3701587-05:00" queuing="2018-01-22T09:36:40.3831704-05:00" start="2018-01-22T09:36:40.4207097-05:00" finish="2018-01-22T09:36:40.8015839-05:00" />
  <ResultSummary outcome="Completed">
    <Counters total="1" executed="1" passed="1" error="0" failed="0" timeout="0" aborted="0" inconclusive="0" passedButRunAborted="0" notRunnable="0" notExecuted="0" disconnected="0" warning="0" completed="0" inProgress="0" pending="0" />
  </ResultSummary>
  <TestDefinitions>
    <UnitTest name="calcularPrecioTest" storage="c:\users\administrador.000\documents\github\alquilerbicicletas\testrentbike\bin\debug\testrentbike.dll" id="dced2427-4475-bf1c-7192-2117b0fbf823">
      <Execution id="df933e67-106a-4817-8166-9d72e95e3b2c" />
      <TestMethod codeBase="C:/Users/Administrador.000/Documents/GitHub/alquilerbicicletas/TestRentBike/bin/Debug/TestRentBike.DLL" adapterTypeName="Microsoft.VisualStudio.TestTools.TestTypes.Unit.UnitTestAdapter, Microsoft.VisualStudio.QualityTools.Tips.UnitTest.Adapter, Version=10.0.0.0, Culture=neutral, PublicKeyToken=b03f5f7f11d50a3a" className="TestRentBike.AlquilerTest, TestRentBike, Version=1.0.0.0, Culture=neutral, PublicKeyToken=null" name="calcularPrecioTest" />
    </UnitTest>
  </TestDefinitions>
  <TestLists>
    <TestList name="Results Not in a List" id="8c84fa94-04c1-424b-9868-57a2d4851a1d" />
    <TestList name="All Loaded Results" id="19431567-8539-422a-85d7-44ee4e166bda" />
  </TestLists>
  <TestEntries>
    <TestEntry testId="dced2427-4475-bf1c-7192-2117b0fbf823" executionId="df933e67-106a-4817-8166-9d72e95e3b2c" testListId="8c84fa94-04c1-424b-9868-57a2d4851a1d" />
  </TestEntries>
  <Results>
    <UnitTestResult executionId="df933e67-106a-4817-8166-9d72e95e3b2c" testId="dced2427-4475-bf1c-7192-2117b0fbf823" testName="calcularPrecioTest" computerName="DESKTOP-G0VDEC5" duration="00:00:00.0220106" startTime="2018-01-22T09:36:40.4257146-05:00" endTime="2018-01-22T09:36:40.7845682-05:00" testType="13cdc9d9-ddb5-4fa4-a97d-d965ccfc6d4b" outcome="Passed" testListId="8c84fa94-04c1-424b-9868-57a2d4851a1d" relativeResultsDirectory="df933e67-106a-4817-8166-9d72e95e3b2c">
    </UnitTestResult>
  </Results>
</TestRun>